ESP-ROM:esp32c3-api1-20210207
Build:Feb  7 2021
rst:0x1 (POWERON),boot:0xc (SPI_FAST_FLASH_BOOT)
SPIWP:0xee
mode:DIO, clock div:1
load:0x3fcd6100,len:0x438
load:0x403ce000,len:0x918
load:0x403d0000,len:0x24e4
SHA-256 comparison failed:
Calculated: 080c5cb68a075ced55f248b97bca965e3e5bd5da80a64e34e6a1638f89d6f64e
Expected: ffffffffffffffffffffffffffffffffffffffffffffffffffffffffffffffff
Attempting to boot anyway...
entry 0x403ce000

For better results, turn Core Debug Level to Verbose.


UC 1.1 - Master - default SDA/SCL pins, default 100KHz bus
[   102][I][esp32-hal-i2c.c:75] i2cInit(): Initialising I2C Master: sda=8 scl=9 freq=100000

UC 1.2 - Master - default SDA/SCL pins, default 100KHz bus
[   119][I][esp32-hal-i2c.c:75] i2cInit(): Initialising I2C Master: sda=8 scl=9 freq=100000

UC 1.3 - Master - default SDA/SCL pins, 1KHz bus
[   132][I][esp32-hal-i2c.c:75] i2cInit(): Initialising I2C Master: sda=8 scl=9 freq=1000

UC 1.4 - Master - default SDA, SCL pin 2, 2KHz bus
[   145][I][esp32-hal-i2c.c:75] i2cInit(): Initialising I2C Master: sda=8 scl=2 freq=2000

UC 1.5 - Master - default SDA/SCL pins, 400KHz bus
[   157][I][esp32-hal-i2c.c:75] i2cInit(): Initialising I2C Master: sda=8 scl=9 freq=400000

UC 1.6 - Master default SDA pin 8, SCL pin 9, 800KHz bus
[   170][I][esp32-hal-i2c.c:75] i2cInit(): Initialising I2C Master: sda=8 scl=9 freq=800000

UC 1.7 - Master - SDA pin 8, SCL pin 9, default 100KHz bus
[   183][I][esp32-hal-i2c.c:75] i2cInit(): Initialising I2C Master: sda=8 scl=9 freq=100000

UC 1.8 - Master - SDA pin 10, SCL pin 11, 200KHz bus
[   196][I][esp32-hal-i2c.c:75] i2cInit(): Initialising I2C Master: sda=10 scl=11 freq=200000

UC 1.9 - Master - default SDA/SCL pins, default 100KHz bus
[   209][I][esp32-hal-i2c.c:75] i2cInit(): Initialising I2C Master: sda=8 scl=9 freq=100000

UC 1.10 - Master - default SDA/SCL pins, 4KHz bus
[   223][I][esp32-hal-i2c.c:75] i2cInit(): Initialising I2C Master: sda=8 scl=9 freq=4000

UC 1.11 - Master - default SDA/SCL pins, default 100KHz bus
[   235][I][esp32-hal-i2c.c:75] i2cInit(): Initialising I2C Master: sda=8 scl=9 freq=100000

UC 2.1 - Slave - ADDR 0x28 - default SDA/SCL pins, default 100KHz bus
[   249][I][esp32-hal-i2c-slave.c:234] i2cSlaveInit(): Initialising I2C Slave: sda=8 scl=9 freq=100000, addr=0x28
[   255][D][esp32-hal-i2c-slave.c:486] i2c_slave_set_frequency(): Fifo thresholds: rx_fifo_full = 28, tx_fifo_empty = 4

UC 2.2 - Slave - ADDR 0x21 - default SDA/SCL pins, default 100KHz bus
[   275][I][esp32-hal-i2c-slave.c:234] i2cSlaveInit(): Initialising I2C Slave: sda=8 scl=9 freq=100000, addr=0x21
[   281][D][esp32-hal-i2c-slave.c:486] i2c_slave_set_frequency(): Fifo thresholds: rx_fifo_full = 28, tx_fifo_empty = 4

UC 2.3 - Slave - ADDR 0x21 - default SDA/SCL pins, 4KHz bus
[   302][I][esp32-hal-i2c-slave.c:234] i2cSlaveInit(): Initialising I2C Slave: sda=8 scl=9 freq=4000, addr=0x21
[   307][D][esp32-hal-i2c-slave.c:486] i2c_slave_set_frequency(): Fifo thresholds: rx_fifo_full = 30, tx_fifo_empty = 2

UC 2.4 - Slave - ADDR 0x38 - SDA 10, SCL 11, default 100KHz bus
[   328][I][esp32-hal-i2c-slave.c:234] i2cSlaveInit(): Initialising I2C Slave: sda=10 scl=11 freq=100000, addr=0x38
[   333][D][esp32-hal-i2c-slave.c:486] i2c_slave_set_frequency(): Fifo thresholds: rx_fifo_full = 28, tx_fifo_empty = 4

UC 2.5 - Slave - ADDR 0x38 - default SDA/SCL pins, 4KHz bus
[   354][I][esp32-hal-i2c-slave.c:234] i2cSlaveInit(): Initialising I2C Slave: sda=10 scl=9 freq=4000, addr=0x38
[   359][D][esp32-hal-i2c-slave.c:486] i2c_slave_set_frequency(): Fifo thresholds: rx_fifo_full = 30, tx_fifo_empty = 2
