ESP-ROM:esp32s2-rc4-20191025
Build:Oct 25 2019
rst:0x1 (POWERON),boot:0x8 (SPI_FAST_FLASH_BOOT)
SPIWP:0xee
mode:DIO, clock div:1
load:0x3ffe6100,len:0x524
load:0x4004c000,len:0xa70
load:0x40050000,len:0x292c
SHA-256 comparison failed:
Calculated: 8dce998efc3eb6dc43f3799a489dbcfbd5ada9828beadf71017c05c4a8d32bc3
Expected: ffffffffffffffffffffffffffffffffffffffffffffffffffffffffffffffff
Attempting to boot anyway...
entry 0x4004c18c

For better results, turn Core Debug Level to Verbose.


UC 1.1 - Master - default SDA/SCL pins, default 100KHz bus
[   923][I][esp32-hal-i2c.c:75] i2cInit(): Initialising I2C Master: sda=8 scl=9 freq=100000

UC 1.2 - Master - default SDA/SCL pins, default 100KHz bus
[   941][I][esp32-hal-i2c.c:75] i2cInit(): Initialising I2C Master: sda=8 scl=9 freq=100000

UC 1.3 - Master - default SDA/SCL pins, 1KHz bus
[   954][I][esp32-hal-i2c.c:75] i2cInit(): Initialising I2C Master: sda=8 scl=9 freq=1000

UC 1.4 - Master - default SDA, SCL pin 2, 2KHz bus
[   966][I][esp32-hal-i2c.c:75] i2cInit(): Initialising I2C Master: sda=8 scl=2 freq=2000

UC 1.5 - Master - default SDA/SCL pins, 400KHz bus
[   979][I][esp32-hal-i2c.c:75] i2cInit(): Initialising I2C Master: sda=8 scl=9 freq=400000

UC 1.6 - Master default SDA pin 8, SCL pin 9, 800KHz bus
[   991][I][esp32-hal-i2c.c:75] i2cInit(): Initialising I2C Master: sda=8 scl=9 freq=800000

UC 1.7 - Master - SDA pin 8, SCL pin 9, default 100KHz bus
[  1005][I][esp32-hal-i2c.c:75] i2cInit(): Initialising I2C Master: sda=8 scl=9 freq=100000

UC 1.8 - Master - SDA pin 10, SCL pin 11, 200KHz bus
[  1018][I][esp32-hal-i2c.c:75] i2cInit(): Initialising I2C Master: sda=10 scl=11 freq=200000

UC 1.9 - Master - default SDA/SCL pins, default 100KHz bus
[  1031][I][esp32-hal-i2c.c:75] i2cInit(): Initialising I2C Master: sda=8 scl=9 freq=100000

UC 1.10 - Master - default SDA/SCL pins, 4KHz bus
[  1044][I][esp32-hal-i2c.c:75] i2cInit(): Initialising I2C Master: sda=8 scl=9 freq=4000

UC 1.11 - Master - default SDA/SCL pins, default 100KHz bus
[  1057][I][esp32-hal-i2c.c:75] i2cInit(): Initialising I2C Master: sda=8 scl=9 freq=100000

UC 2.1 - Slave - ADDR 0x28 - default SDA/SCL pins, default 100KHz bus
[  1070][I][esp32-hal-i2c-slave.c:234] i2cSlaveInit(): Initialising I2C Slave: sda=8 scl=9 freq=100000, addr=0x28
[  1076][D][esp32-hal-i2c-slave.c:486] i2c_slave_set_frequency(): Fifo thresholds: rx_fifo_full = 28, tx_fifo_empty = 4

UC 2.2 - Slave - ADDR 0x21 - default SDA/SCL pins, default 100KHz bus
[  1097][I][esp32-hal-i2c-slave.c:234] i2cSlaveInit(): Initialising I2C Slave: sda=8 scl=9 freq=100000, addr=0x21
[  1103][D][esp32-hal-i2c-slave.c:486] i2c_slave_set_frequency(): Fifo thresholds: rx_fifo_full = 28, tx_fifo_empty = 4

UC 2.3 - Slave - ADDR 0x21 - default SDA/SCL pins, 4KHz bus
[  1124][I][esp32-hal-i2c-slave.c:234] i2cSlaveInit(): Initialising I2C Slave: sda=8 scl=9 freq=4000, addr=0x21
[  1128][D][esp32-hal-i2c-slave.c:486] i2c_slave_set_frequency(): Fifo thresholds: rx_fifo_full = 30, tx_fifo_empty = 2

UC 2.4 - Slave - ADDR 0x38 - SDA 10, SCL 11, default 100KHz bus
[  1149][I][esp32-hal-i2c-slave.c:234] i2cSlaveInit(): Initialising I2C Slave: sda=10 scl=11 freq=100000, addr=0x38
[  1155][D][esp32-hal-i2c-slave.c:486] i2c_slave_set_frequency(): Fifo thresholds: rx_fifo_full = 28, tx_fifo_empty = 4

UC 2.5 - Slave - ADDR 0x38 - default SDA/SCL pins, 4KHz bus
[  1176][I][esp32-hal-i2c-slave.c:234] i2cSlaveInit(): Initialising I2C Slave: sda=10 scl=9 freq=4000, addr=0x38
[  1180][D][esp32-hal-i2c-slave.c:486] i2c_slave_set_frequency(): Fifo thresholds: rx_fifo_full = 30, tx_fifo_empty = 2
